RollDrop/Library/Bee/Android/Prj/Mono2x/Gradle/unityLibrary/mobilenotifications.androidlib/build/outputs/mapping/release/seeds.txt
com.unity3d.player.UnityPlayer: void setScreenBrightness(float)
com.unity3d.player.UnityPlayer: boolean getARCoreEnabled()
com.unity.androidnotifications.UnityNotificationRestartReceiver: UnityNotificationRestartReceiver()
com.unity3d.player.UnityPlayer: void setSoftInputStr(java.lang.String)
com.unity.androidnotifications.UnityNotificationManager: void setNotificationIcon(android.app.Notification$Builder,java.lang.String,java.lang.String)
com.unity.androidnotifications.UnityNotificationManager: void onReceive(android.content.Context,android.content.Intent)
com.unity3d.player.UnityPlayer: java.lang.String getClipboardText()
com.unity3d.player.UnityPlayer: java.lang.String getLaunchURL()
com.unity.androidnotifications.UnityNotificationManager: void cancelAllNotifications()
com.unity3d.player.UnityPlayer: boolean getAutoReportFullyDrawnEnabled()
com.unity3d.player.UnityPlayer: android.view.View getView()
com.unity3d.player.UnityPlayer: boolean nativeGetNoWindowMode()
com.unity.androidnotifications.UnityNotificationManager: java.lang.Integer getNotificationColor(android.app.Notification)
com.unity.androidnotifications.UnityNotificationManager: boolean canScheduleExactAlarms()
com.unity3d.player.UnityPlayer: void setClipboardText(java.lang.String)
com.unity3d.player.UnityPlayer: boolean getHaveAndroidWindowSupport()
com.unity.androidnotifications.UnityNotificationManager: android.app.Notification$Builder createNotificationBuilder(java.lang.String)
com.unity3d.player.UnityPlayer: java.lang.String getProcessName()
com.unity3d.player.UnityPlayer: void setHideInputField(boolean)
com.unity.androidnotifications.UnityNotificationUtilities: java.lang.Class getOpenAppActivity(android.content.Context)
com.unity3d.player.UnityPlayer: boolean nativeInjectEvent(android.view.InputEvent)
com.unity.androidnotifications.UnityNotificationManager: void showNotificationSettings(java.lang.String)
com.unity.androidnotifications.UnityNotificationManager: com.unity.androidnotifications.UnityNotificationManager getNotificationManagerImpl(android.app.Activity,com.unity.androidnotifications.NotificationCallback)
com.unity3d.player.UnityPlayer: java.lang.String getKeyboardLayout()
com.unity.androidnotifications.UnityNotificationManager: int areNotificationsEnabled()
com.unity.androidnotifications.UnityNotificationManager: void cancelPendingNotification(int)
com.unity.androidnotifications.UnityNotificationManager: boolean checkIfPendingNotificationIsRegistered(int)
com.unity.androidnotifications.UnityNotificationManager: android.app.NotificationManager getNotificationManager()
com.unity3d.player.UnityPlayer: android.content.pm.ActivityInfo getActivityInfo()
com.unity.androidnotifications.UnityNotificationManager: com.unity.androidnotifications.NotificationChannelWrapper[] getNotificationChannels()
com.unity3d.player.UnityPlayer: android.os.Bundle getSettings()
com.unity.androidnotifications.UnityNotificationManager: com.unity.androidnotifications.NotificationChannelWrapper getNotificationChannel(java.lang.String)
com.unity3d.player.UnityPlayer: int getSplashMode()