RollDrop/Library/Bee/Android/Prj/Mono2x/Gradle/unityLibrary/mobilenotifications.androidlib/build/outputs/mapping/release/usage.txt
com.unity.androidnotifications.UnityNotificationBackgroundThread:
    public static void access$100(com.unity.androidnotifications.UnityNotificationBackgroundThread,java.util.Set)
    public void enqueueCancelAllNotifications()
    public void enqueueCancelNotification(int)
    public final void enqueueHousekeeping()
    public void enqueueNotification(int,android.app.Notification$Builder,boolean,boolean)
    public final boolean executeTask(com.unity.androidnotifications.UnityNotificationManager,com.unity.androidnotifications.UnityNotificationBackgroundThread$Task,java.util.concurrent.ConcurrentHashMap)
    public final void performHousekeeping(java.util.Set)
com.unity.androidnotifications.UnityNotificationManager:
    public final void finalizeNotificationForDisplay(android.app.Notification$Builder)
    public final java.util.Set findInvalidNotificationIds(java.util.Set)
    public final int generateUniqueId()
    public final android.app.PendingIntent getActivityPendingIntent(int,android.content.Intent,int)
    public final android.os.Bundle getAppMetadata()
    public final java.lang.Object getNotificationOrBuilderForIntent(android.content.Intent)
    public final synchronized java.util.Set getScheduledNotificationIDs()
    public final void initialize(android.app.Activity,com.unity.androidnotifications.NotificationCallback)
    public static boolean isInForeground()
    public final android.graphics.Bitmap loadBitmap(java.lang.String)
    public void performNotificationHousekeeping(java.util.Set)
    public synchronized void saveNotification(android.app.Notification,boolean)
    public synchronized void saveScheduledNotificationIDs(java.util.Set)
    public void scheduleAlarmWithNotification(android.app.Notification$Builder)
    public final void scheduleNotificationIntentAlarm(long,long,android.app.PendingIntent)
    public final void setupBigPictureStyle(android.app.Notification$Builder)
com.unity.androidnotifications.UnityNotificationRestartReceiver:
    public static boolean rescheduleNotification(com.unity.androidnotifications.UnityNotificationManager,java.util.Date,android.app.Notification$Builder)
    public static void rescheduleSavedNotifications(android.content.Context)
com.unity.androidnotifications.UnityNotificationUtilities:
    public static android.app.Notification$Builder deserializeNotificationCustom(android.content.Context,java.io.DataInputStream)
    public static android.app.Notification deserializeNotificationParcelable(java.io.DataInputStream)
    public static android.app.Notification$Builder deserializedFromOldIntent(android.content.Context,byte[])
    public static boolean isUnityActivity(java.lang.String)
    public static android.app.Notification$Builder recoverBuilderCustom(android.content.Context,android.app.Notification)
    public static void serializeNotification(android.content.SharedPreferences,android.app.Notification,boolean)
    public static boolean serializeNotificationParcel(android.content.Intent,java.io.DataOutputStream)
com.unity3d.player.B
com.unity3d.player.G:
    public synchronized boolean a()
com.unity3d.player.I
com.unity3d.player.J
com.unity3d.player.NetworkConnectivityNougat:
    public final android.net.ConnectivityManager$NetworkCallback c
com.unity3d.player.PlatformSupport:
    public static final boolean PIE_SUPPORT
com.unity3d.player.UnityPlayer$e:
    public final synthetic java.lang.String a
com.unity3d.player.UnityPlayer$f:
    public final synthetic int a
com.unity3d.player.UnityPlayer$g:
    public final synthetic boolean a
com.unity3d.player.UnityPlayer$r
com.unity3d.player.UnityPlayer$s